<?xml version="1.0" encoding="UTF-8"?>
<coverage generated="1734071878794" clover="3.2.0">
  <project timestamp="1734071878794" name="All files">
    <metrics statements="18" coveredstatements="18" conditionals="2" coveredconditionals="2" methods="3" coveredmethods="3" elements="23" coveredelements="23" complexity="0" loc="18" ncloc="18" packages="1" files="1" classes="1"/>
    <file name="organizations.js" path="/Users/gustavoveloso/Documents/Minerva/subscript-contest/todo-backend-express-knex/server/controllers/organizations.js">
      <metrics statements="18" coveredstatements="18" conditionals="2" coveredconditionals="2" methods="3" coveredmethods="3"/>
      <line num="1" count="4" type="stmt"/>
      <line num="2" count="4" type="stmt"/>
      <line num="3" count="4" type="stmt"/>
      <line num="6" count="1" type="stmt"/>
      <line num="7" count="1" type="stmt"/>
      <line num="8" count="1" type="stmt"/>
      <line num="12" count="2" type="stmt"/>
      <line num="15" count="2" type="stmt"/>
      <line num="17" count="2" type="cond" truecount="2" falsecount="0"/>
      <line num="18" count="1" type="stmt"/>
      <line num="24" count="1" type="stmt"/>
      <line num="25" count="1" type="stmt"/>
      <line num="29" count="1" type="stmt"/>
      <line num="30" count="1" type="stmt"/>
      <line num="33" count="4" type="stmt"/>
      <line num="39" count="4" type="stmt"/>
      <line num="40" count="12" type="stmt"/>
      <line num="43" count="4" type="stmt"/>
    </file>
  </project>
</coverage>
