{"/Users/gustavoveloso/Documents/Minerva/subscript-contest/todo-backend-express-knex/server/controllers/organizations.js": {"path":"/Users/gustavoveloso/Documents/Minerva/subscript-contest/todo-backend-express-knex/server/controllers/organizations.js","statementMap":{"0":{"start":{"line":1,"column":22},"end":{"line":1,"column":68}},"1":{"start":{"line":2,"column":26},"end":{"line":2,"column":66}},"2":{"start":{"line":3,"column":14},"end":{"line":3,"column":28}},"3":{"start":{"line":6,"column":4},"end":{"line":6,"column":34}},"4":{"start":{"line":7,"column":16},"end":{"line":7,"column":65}},"5":{"start":{"line":8,"column":4},"end":{"line":8,"column":25}},"6":{"start":{"line":12,"column":19},"end":{"line":14,"column":6}},"7":{"start":{"line":15,"column":19},"end":{"line":15,"column":45}},"8":{"start":{"line":17,"column":4},"end":{"line":22,"column":5}},"9":{"start":{"line":18,"column":8},"end":{"line":21,"column":11}},"10":{"start":{"line":24,"column":20},"end":{"line":24,"column":85}},"11":{"start":{"line":25,"column":4},"end":{"line":25,"column":29}},"12":{"start":{"line":29,"column":20},"end":{"line":29,"column":72}},"13":{"start":{"line":30,"column":4},"end":{"line":30,"column":29}},"14":{"start":{"line":33,"column":17},"end":{"line":37,"column":1}},"15":{"start":{"line":39,"column":0},"end":{"line":41,"column":1}},"16":{"start":{"line":40,"column":4},"end":{"line":40,"column":94}},"17":{"start":{"line":43,"column":0},"end":{"line":43,"column":26}}},"fnMap":{"0":{"name":"getCurrentOrganization","decl":{"start":{"line":5,"column":15},"end":{"line":5,"column":37}},"loc":{"start":{"line":5,"column":48},"end":{"line":9,"column":1}},"line":5},"1":{"name":"updateCurrentOrganization","decl":{"start":{"line":11,"column":15},"end":{"line":11,"column":40}},"loc":{"start":{"line":11,"column":51},"end":{"line":26,"column":1}},"line":11},"2":{"name":"deleteCurrentOrganization","decl":{"start":{"line":28,"column":15},"end":{"line":28,"column":40}},"loc":{"start":{"line":28,"column":51},"end":{"line":31,"column":1}},"line":28}},"branchMap":{"0":{"loc":{"start":{"line":17,"column":4},"end":{"line":22,"column":5}},"type":"if","locations":[{"start":{"line":17,"column":4},"end":{"line":22,"column":5}},{"start":{},"end":{}}],"line":17}},"s":{"0":4,"1":4,"2":4,"3":1,"4":1,"5":1,"6":2,"7":2,"8":2,"9":1,"10":1,"11":1,"12":1,"13":1,"14":4,"15":4,"16":12,"17":4},"f":{"0":1,"1":2,"2":1},"b":{"0":[1,1]},"_coverageSchema":"1a1c01bbd47fc00a2c39e90264f33305004495a9","hash":"b6a690bc2ce5e0e4577bdf80ab6b78f2d1fcefc3"}
}
